[0m2021.04.25 13:54:26 INFO  Started: Metals version 0.10.1 in workspace 'E:\code\√ø»’“ªÀ¢' for client vscode 1.55.2.[0m
[0m2021.04.25 13:54:27 INFO  time: initialize in 0.81s[0m
[0m2021.04.25 13:54:31 WARN  Build server is not auto-connectable.[0m
[0m2021.04.25 13:54:31 WARN  no build tool detected in workspace 'E:\code\√ø»’“ªÀ¢'. The most common cause for this problem is that the editor was opened in the wrong working directory, for example if you use sbt then the workspace directory should contain build.sbt. [0m
[0m2021.04.26 19:07:58 INFO  shutting down Metals[0m
[0m2021.04.26 19:09:21 INFO  Started: Metals version 0.10.2 in workspace 'E:\code\√ø»’“ªÀ¢' for client vscode 1.55.2.[0m
[0m2021.04.26 19:09:21 INFO  time: initialize in 0.94s[0m
[0m2021.04.26 19:09:24 WARN  Build server is not auto-connectable.[0m
[0m2021.04.26 19:09:24 WARN  no build tool detected in workspace 'E:\code\√ø»’“ªÀ¢'. The most common cause for this problem is that the editor was opened in the wrong working directory, for example if you use sbt then the workspace directory should contain build.sbt. [0m
[0m2021.04.27 08:26:31 INFO  shutting down Metals[0m
[0m2021.04.27 09:17:16 INFO  Started: Metals version 0.10.2 in workspace 'E:\code\√ø»’“ªÀ¢' for client vscode 1.55.2.[0m
[0m2021.04.27 09:17:17 INFO  time: initialize in 1.33s[0m
[0m2021.04.27 09:17:20 WARN  Build server is not auto-connectable.[0m
[0m2021.04.27 09:17:20 WARN  no build tool detected in workspace 'E:\code\√ø»’“ªÀ¢'. The most common cause for this problem is that the editor was opened in the wrong working directory, for example if you use sbt then the workspace directory should contain build.sbt. [0m
[0m2021.04.29 08:46:16 INFO  shutting down Metals[0m
[0m2021.04.29 08:54:29 INFO  Started: Metals version 0.10.2 in workspace 'E:\code\√ø»’“ªÀ¢' for client vscode 1.55.2.[0m
[0m2021.04.29 08:54:30 INFO  time: initialize in 0.57s[0m
[0m2021.04.29 08:54:31 WARN  Build server is not auto-connectable.[0m
[0m2021.04.29 08:54:31 WARN  no build tool detected in workspace 'E:\code\√ø»’“ªÀ¢'. The most common cause for this problem is that the editor was opened in the wrong working directory, for example if you use sbt then the workspace directory should contain build.sbt. [0m
[0m2021.05.05 08:38:01 INFO  Started: Metals version 0.10.2 in workspace 'E:\code\√ø»’“ªÀ¢' for client vscode 1.55.2.[0m
[0m2021.05.05 08:38:02 INFO  time: initialize in 1.42s[0m
org.h2.message.DbException: Log file error: "E:/code/√ø»’“ªÀ¢/.metals/metals.trace.db", cause: "java.io.FileNotFoundException: E:\code\√ø»’“ªÀ¢\.metals\metals.trace.db (¥≈≈Ãø’º‰≤ª◊„°£)" [90034-200]
org.h2.message.DbException: Log file error: "E:/code/√ø»’“ªÀ¢/.metals/metals.trace.db", cause: "java.io.FileNotFoundException: E:\code\√ø»’“ªÀ¢\.metals\metals.trace.db (¥≈≈Ãø’º‰≤ª◊„°£)" [90034-200]
	at org.h2.message.DbException.get(DbException.java:194)
	at org.h2.message.TraceSystem.logWritingError(TraceSystem.java:294)
	at org.h2.message.TraceSystem.openWriter(TraceSystem.java:315)
	at org.h2.message.TraceSystem.writeFile(TraceSystem.java:263)
	at org.h2.message.TraceSystem.write(TraceSystem.java:247)
	at org.h2.message.Trace.error(Trace.java:180)
	at org.h2.engine.Database.closeOpenFilesAndUnlock(Database.java:1529)
	at org.h2.engine.Database.closeImpl(Database.java:1454)
	at org.h2.engine.Database.close(Database.java:1373)
	at org.h2.engine.Database.removeSession(Database.java:1307)
	at org.h2.engine.Session.close(Session.java:963)
	at org.h2.jdbc.JdbcConnection.close(JdbcConnection.java:453)
	at org.flywaydb.core.internal.jdbc.JdbcUtils.closeConnection(JdbcUtils.java:103)
	at org.flywaydb.core.internal.database.base.Connection.close(Connection.java:115)
	at org.flywaydb.core.internal.database.base.Database.close(Database.java:360)
	at org.flywaydb.core.internal.util.IOUtils.close(IOUtils.java:37)
	at org.flywaydb.core.Flyway.execute(Flyway.java:583)
	at org.flywaydb.core.Flyway.migrate(Flyway.java:165)

























	... 40 more [0m2021.05.10 09:18:57 INFO  Started: Metals version 0.10.2 in workspace 'E:\code\√ø»’“ªÀ¢' for client vscode 1.55.2.[0m
[0m2021.05.10 09:18:59 INFO  time: initialize in 2.81s[0m
[0m2021.05.10 09:19:09 WARN  Build server is not auto-connectable.[0m
[0m2021.05.10 09:19:09 WARN  no build tool detected in workspace 'E:\code\√ø»’“ªÀ¢'. The most common cause for this problem is that the editor was opened in the wrong working directory, for example if you use sbt then the workspace directory should contain build.sbt. [0m
[0m2021.05.12 14:18:46 INFO  shutting down Metals[0m
[0m2021.05.12 14:20:08 INFO  Started: Metals version 0.10.2 in workspace 'E:\code\√ø»’“ªÀ¢' for client vscode 1.55.2.[0m
[0m2021.05.12 14:20:09 INFO  time: initialize in 1.51s[0m
[0m2021.05.12 14:20:12 WARN  Build server is not auto-connectable.[0m
[0m2021.05.12 14:20:12 WARN  no build tool detected in workspace 'E:\code\√ø»’“ªÀ¢'. The most common cause for this problem is that the editor was opened in the wrong working directory, for example if you use sbt then the workspace directory should contain build.sbt. [0m
ŒÂ‘¬ 12, 2021 2:28:28 œ¬ŒÁ org.eclipse.lsp4j.jsonrpc.services.GenericEndpoint notify
–≈œ¢: Unsupported notification method: $/setTraceNotification
[0m2021.05.13 13:44:32 INFO  shutting down Metals[0m
[0m2021.05.13 13:46:30 INFO  Started: Metals version 0.10.2 in workspace 'E:\code\√ø»’“ªÀ¢' for client vscode 1.56.0.[0m
[0m2021.05.13 13:46:31 INFO  time: initialize in 1.04s[0m
[0m2021.05.13 13:46:32 WARN  Build server is not auto-connectable.[0m
[0m2021.05.13 13:46:32 WARN  no build tool detected in workspace 'E:\code\√ø»’“ªÀ¢'. The most common cause for this problem is that the editor was opened in the wrong working directory, for example if you use sbt then the workspace directory should contain build.sbt. [0m
[0m2021.05.20 08:59:43 INFO  Started: Metals version 0.10.3 in workspace 'E:\code\√ø»’“ªÀ¢' for client Visual Studio Code 1.56.0.[0m
[0m2021.05.20 08:59:48 INFO  time: initialize in 5.71s[0m
[0m2021.05.20 08:59:48 WARN  Build server is not auto-connectable.[0m
[0m2021.05.20 08:59:48 WARN  no build tool detected in workspace 'E:\code\√ø»’“ªÀ¢'. The most common cause for this problem is that the editor was opened in the wrong working directory, for example if you use sbt then the workspace directory should contain build.sbt. [0m
[0m2021.05.20 09:00:19 INFO  shutting down Metals[0m
[0m2021.05.20 09:01:23 INFO  Started: Metals version 0.10.3 in workspace 'E:\code\√ø»’“ªÀ¢' for client Visual Studio Code 1.56.2.[0m
[0m2021.05.20 09:01:25 INFO  time: initialize in 2.25s[0m
[0m2021.05.20 09:01:25 WARN  Build server is not auto-connectable.[0m
[0m2021.05.20 09:01:25 WARN  no build tool detected in workspace 'E:\code\√ø»’“ªÀ¢'. The most common cause for this problem is that the editor was opened in the wrong working directory, for example if you use sbt then the workspace directory should contain build.sbt. [0m
[0m2021.05.20 09:55:19 INFO  shutting down Metals[0m
[0m2021.05.20 09:56:17 INFO  Started: Metals version 0.10.3 in workspace 'E:\code\√ø»’“ªÀ¢' for client Visual Studio Code 1.56.2.[0m
[0m2021.05.20 09:56:24 INFO  time: initialize in 6.67s[0m
[0m2021.05.20 09:56:24 WARN  Build server is not auto-connectable.[0m
[0m2021.05.20 09:56:24 WARN  no build tool detected in workspace 'E:\code\√ø»’“ªÀ¢'. The most common cause for this problem is that the editor was opened in the wrong working directory, for example if you use sbt then the workspace directory should contain build.sbt. [0m
[0m2021.05.20 10:06:46 INFO  shutting down Metals[0m
[0m2021.05.20 10:07:37 INFO  Started: Metals version 0.10.3 in workspace 'E:\code\√ø»’“ªÀ¢' for client Visual Studio Code 1.56.2.[0m
[0m2021.05.20 10:07:40 INFO  time: initialize in 2.78s[0m
[0m2021.05.20 10:07:40 WARN  Build server is not auto-connectable.[0m
[0m2021.05.20 10:07:40 WARN  no build tool detected in workspace 'E:\code\√ø»’“ªÀ¢'. The most common cause for this problem is that the editor was opened in the wrong working directory, for example if you use sbt then the workspace directory should contain build.sbt. [0m
[0m2021.05.20 10:08:17 INFO  shutting down Metals[0m
[0m2021.05.20 10:08:58 INFO  Started: Metals version 0.10.3 in workspace 'E:\code\√ø»’“ªÀ¢' for client Visual Studio Code 1.56.2.[0m
[0m2021.05.20 10:09:00 INFO  time: initialize in 1.33s[0m
[0m2021.05.20 10:09:00 WARN  Build server is not auto-connectable.[0m
[0m2021.05.20 10:09:00 WARN  no build tool detected in workspace 'E:\code\√ø»’“ªÀ¢'. The most common cause for this problem is that the editor was opened in the wrong working directory, for example if you use sbt then the workspace directory should contain build.sbt. [0m
[0m2021.05.20 10:09:56 INFO  shutting down Metals[0m
[0m2021.05.20 10:10:41 INFO  Started: Metals version 0.10.3 in workspace 'E:\code\√ø»’“ªÀ¢' for client Visual Studio Code 1.56.2.[0m
[0m2021.05.20 10:10:42 INFO  time: initialize in 1.36s[0m
[0m2021.05.20 10:10:42 WARN  Build server is not auto-connectable.[0m
[0m2021.05.20 10:10:42 WARN  no build tool detected in workspace 'E:\code\√ø»’“ªÀ¢'. The most common cause for this problem is that the editor was opened in the wrong working directory, for example if you use sbt then the workspace directory should contain build.sbt. [0m
[0m2021.05.26 09:38:22 INFO  Started: Metals version 0.10.3 in workspace 'E:\code\√ø»’“ªÀ¢' for client Visual Studio Code 1.56.2.[0m
[0m2021.05.26 09:38:30 INFO  time: initialize in 7.79s[0m
[0m2021.05.26 09:38:30 WARN  Build server is not auto-connectable.[0m
[0m2021.05.26 09:38:30 WARN  no build tool detected in workspace 'E:\code\√ø»’“ªÀ¢'. The most common cause for this problem is that the editor was opened in the wrong working directory, for example if you use sbt then the workspace directory should contain build.sbt. [0m
[0m2021.05.27 08:33:45 INFO  Started: Metals version 0.10.3 in workspace 'E:\code\√ø»’“ªÀ¢' for client Visual Studio Code 1.56.2.[0m
[0m2021.05.27 08:33:54 INFO  time: initialize in 8.9s[0m
[0m2021.05.27 08:33:54 WARN  Build server is not auto-connectable.[0m
[0m2021.05.27 08:33:54 WARN  no build tool detected in workspace 'E:\code\√ø»’“ªÀ¢'. The most common cause for this problem is that the editor was opened in the wrong working directory, for example if you use sbt then the workspace directory should contain build.sbt. [0m
ŒÂ‘¬ 27, 2021 2:06:10 œ¬ŒÁ org.eclipse.lsp4j.jsonrpc.services.GenericEndpoint notify
–≈œ¢: Unsupported notification method: $/setTrace
[0m[0m2021.05.28 14:04:04 INFO  Started: Metals version 0.10.3 in workspace 'E:\code\√ø»’“ªÀ¢' for client Visual Studio Code 1.56.2.[0m
[0m2021.05.28 14:04:11 INFO  time: initialize in 6.38s[0m
[0m2021.05.28 14:04:11 WARN  Build server is not auto-connectable.[0m
[0m2021.05.28 14:04:11 WARN  no build tool detected in workspace 'E:\code\√ø»’“ªÀ¢'. The most common cause for this problem is that the editor was opened in the wrong working directory, for example if you use sbt then the workspace directory should contain build.sbt. [0m
[0m2021.05.31 13:11:54 INFO  Started: Metals version 0.10.3 in workspace 'E:\code\√ø»’“ªÀ¢' for client Visual Studio Code 1.56.2.[0m
[0m2021.05.31 13:12:02 INFO  time: initialize in 7.88s[0m
[0m2021.05.31 13:12:02 WARN  Build server is not auto-connectable.[0m
[0m2021.05.31 13:12:02 WARN  no build tool detected in workspace 'E:\code\√ø»’“ªÀ¢'. The most common cause for this problem is that the editor was opened in the wrong working directory, for example if you use sbt then the workspace directory should contain build.sbt. [0m
[0m2021.06.26 15:22:13 INFO  Started: Metals version 0.10.4 in workspace 'E:\code\√ø»’“ªÀ¢' for client Visual Studio Code 1.57.1.[0m
[0m2021.06.26 15:22:19 INFO  time: initialize in 6.72s[0m
[0m2021.06.26 15:22:19 WARN  Build server is not auto-connectable.[0m
[0m2021.06.26 15:22:19 WARN  no build tool detected in workspace 'E:\code\√ø»’“ªÀ¢'. The most common cause for this problem is that the editor was opened in the wrong working directory, for example if you use sbt then the workspace directory should contain build.sbt. [0m
¡˘‘¬ 26, 2021 3:41:28 œ¬ŒÁ org.eclipse.lsp4j.jsonrpc.services.GenericEndpoint notify
–≈œ¢: Unsupported notification method: $/setTrace
¡˘‘¬ 26, 2021 4:25:42 œ¬ŒÁ org.eclipse.lsp4j.jsonrpc.services.GenericEndpoint notify
–≈œ¢: Unsupported notification method: $/setTrace
[0m2021.06.26 16:54:13 INFO  shutting down Metals[0m
[0m2021.06.26 16:55:18 INFO  Started: Metals version 0.10.4 in workspace 'E:\code\√ø»’“ªÀ¢' for client Visual Studio Code 1.57.1.[0m
[0m2021.06.26 16:55:20 INFO  time: initialize in 2.33s[0m
[0m2021.06.26 16:55:20 WARN  Build server is not auto-connectable.[0m
[0m2021.06.26 16:55:20 WARN  no build tool detected in workspace 'E:\code\√ø»’“ªÀ¢'. The most common cause for this problem is that the editor was opened in the wrong working directory, for example if you use sbt then the workspace directory should contain build.sbt. [0m
[0m2021.06.26 16:56:08 INFO  shutting down Metals[0m
[0m2021.06.26 16:57:03 INFO  Started: Metals version 0.10.4 in workspace 'E:\code\√ø»’“ªÀ¢' for client Visual Studio Code 1.57.1.[0m
[0m2021.06.26 16:57:04 INFO  time: initialize in 1.5s[0m
[0m2021.06.26 16:57:05 WARN  Build server is not auto-connectable.[0m
[0m2021.06.26 16:57:05 WARN  no build tool detected in workspace 'E:\code\√ø»’“ªÀ¢'. The most common cause for this problem is that the editor was opened in the wrong working directory, for example if you use sbt then the workspace directory should contain build.sbt. [0m
¡˘‘¬ 26, 2021 5:01:06 œ¬ŒÁ org.eclipse.lsp4j.jsonrpc.services.GenericEndpoint notify
–≈œ¢: Unsupported notification method: $/setTrace
¡˘‘¬ 26, 2021 5:03:00 œ¬ŒÁ org.eclipse.lsp4j.jsonrpc.services.GenericEndpoint notify
–≈œ¢: Unsupported notification method: $/setTrace
[0m2021.06.29 11:42:35 INFO  Started: Metals version 0.10.4 in workspace 'E:\code\√ø»’“ªÀ¢' for client Visual Studio Code 1.57.1.[0m
[0m2021.06.29 11:42:43 INFO  time: initialize in 7.56s[0m
[0m2021.06.29 11:42:43 WARN  Build server is not auto-connectable.[0m
[0m2021.06.29 11:42:43 WARN  no build tool detected in workspace 'E:\code\√ø»’“ªÀ¢'. The most common cause for this problem is that the editor was opened in the wrong working directory, for example if you use sbt then the workspace directory should contain build.sbt. [0m
¡˘‘¬ 29, 2021 11:44:08 …œŒÁ org.eclipse.lsp4j.jsonrpc.services.GenericEndpoint notify
–≈œ¢: Unsupported notification method: $/setTrace
¡˘‘¬ 29, 2021 11:44:13 …œŒÁ org.eclipse.lsp4j.jsonrpc.services.GenericEndpoint notify
–≈œ¢: Unsupported notification method: $/setTrace
¡˘‘¬ 29, 2021 11:54:09 …œŒÁ org.eclipse.lsp4j.jsonrpc.services.GenericEndpoint notify
–≈œ¢: Unsupported notification method: $/setTrace
[0m2021.07.06 07:21:25 INFO  Started: Metals version 0.10.4 in workspace 'E:\code\√ø»’“ªÀ¢' for client Visual Studio Code 1.57.1.[0m
[0m2021.07.06 07:21:33 INFO  time: initialize in 7.62s[0m
[0m2021.07.06 07:21:33 WARN  Build server is not auto-connectable.[0m
[0m2021.07.06 07:21:33 WARN  no build tool detected in workspace 'E:\code\√ø»’“ªÀ¢'. The most common cause for this problem is that the editor was opened in the wrong working directory, for example if you use sbt then the workspace directory should contain build.sbt. [0m
∆ﬂ‘¬ 06, 2021 7:43:58 œ¬ŒÁ org.eclipse.lsp4j.jsonrpc.services.GenericEndpoint notify
–≈œ¢: Unsupported notification method: $/setTrace
∆ﬂ‘¬ 06, 2021 7:43:58 œ¬ŒÁ org.eclipse.lsp4j.jsonrpc.services.GenericEndpoint notify
–≈œ¢: Unsupported notification method: $/setTrace
[0m2021.07.08 10:40:56 INFO  Started: Metals version 0.10.4 in workspace 'E:\code\√ø»’“ªÀ¢' for client Visual Studio Code 1.57.1.[0m
[0m2021.07.08 10:41:04 INFO  time: initialize in 8.53s[0m
[0m2021.07.08 10:41:04 WARN  Build server is not auto-connectable.[0m
[0m2021.07.08 10:41:04 WARN  no build tool detected in workspace 'E:\code\√ø»’“ªÀ¢'. The most common cause for this problem is that the editor was opened in the wrong working directory, for example if you use sbt then the workspace directory should contain build.sbt. [0m
∆ﬂ‘¬ 10, 2021 8:10:07 …œŒÁ org.eclipse.lsp4j.jsonrpc.services.GenericEndpoint notify
–≈œ¢: Unsupported notification method: $/setTrace
∆ﬂ‘¬ 10, 2021 8:10:07 …œŒÁ org.eclipse.lsp4j.jsonrpc.services.GenericEndpoint notify
–≈œ¢: Unsupported notification method: $/setTrace
[0m2021.07.12 17:35:52 INFO  Started: Metals version 0.10.4 in workspace 'E:\code\√ø»’“ªÀ¢' for client Visual Studio Code 1.58.0.[0m
[0m2021.07.12 17:36:02 INFO  time: initialize in 9.31s[0m
[0m2021.07.12 17:36:02 WARN  Build server is not auto-connectable.[0m
[0m2021.07.12 17:36:02 WARN  no build tool detected in workspace 'E:\code\√ø»’“ªÀ¢'. The most common cause for this problem is that the editor was opened in the wrong working directory, for example if you use sbt then the workspace directory should contain build.sbt. [0m
∆ﬂ‘¬ 12, 2021 5:37:32 œ¬ŒÁ org.eclipse.lsp4j.jsonrpc.services.GenericEndpoint notify
–≈œ¢: Unsupported notification method: $/setTrace
∆ﬂ‘¬ 12, 2021 5:38:03 œ¬ŒÁ org.eclipse.lsp4j.jsonrpc.services.GenericEndpoint notify
–≈œ¢: Unsupported notification method: $/setTrace
∆ﬂ‘¬ 12, 2021 5:38:03 œ¬ŒÁ org.eclipse.lsp4j.jsonrpc.services.GenericEndpoint notify
–≈œ¢: Unsupported notification method: $/setTrace
[0m2021.07.12 21:15:05 INFO  shutting down Metals[0m
